<?xml version="1.0" encoding="UTF-8"?>
<coverage generated="1523484224423" clover="3.2.0">
  <project timestamp="1523484224423" name="All files">
    <metrics statements="3" coveredstatements="0" conditionals="0" coveredconditionals="0" methods="0" coveredmethods="0" elements="3" coveredelements="0" complexity="0" loc="3" ncloc="3" packages="1" files="2" classes="2">
      <file name="HelloWorld.vue" path="C:\Users\macarl\Documents\GitHub\codewords\client\components\HelloWorld.vue">
        <metrics statements="2" coveredstatements="0" conditionals="0" coveredconditionals="0" methods="0" coveredmethods="0"/>
        <line num="16" count="0" type="stmt"/>
        <line num="20" count="0" type="stmt"/>
      </file>
      <file name="NotFound.vue" path="C:\Users\macarl\Documents\GitHub\codewords\client\components\NotFound.vue">
        <metrics statements="1" coveredstatements="0" conditionals="0" coveredconditionals="0" methods="0" coveredmethods="0"/>
        <line num="11" count="0" type="stmt"/>
      </file>
    </metrics>
  </project>
</coverage>
