{"C:\\Users\\macarl\\Documents\\GitHub\\codewords\\client\\components\\HelloWorld.vue": {"path":"C:\\Users\\macarl\\Documents\\GitHub\\codewords\\client\\components\\HelloWorld.vue","statementMap":{"0":{"start":{"line":16,"column":0},"end":{"line":null,"column":-1}},"1":{"start":{"line":20,"column":0},"end":{"line":null,"column":-1}}},"fnMap":{},"branchMap":{},"s":{"0":0,"1":0},"f":{},"b":{}}
,"C:\\Users\\macarl\\Documents\\GitHub\\codewords\\client\\components\\NotFound.vue": {"path":"C:\\Users\\macarl\\Documents\\GitHub\\codewords\\client\\components\\NotFound.vue","statementMap":{"0":{"start":{"line":11,"column":0},"end":{"line":null,"column":-1}}},"fnMap":{},"branchMap":{},"s":{"0":0},"f":{},"b":{}}
}
